app/build/outputs/logs/manifest-merger-debug-report.txt
-- Merging decision tree log ---
manifest
ADDED from src\main\AndroidManifest.xml:1:1-241:12
	package
		ADDED from src\main\AndroidManifest.xml:2:5-37
		INJECTED from src\main\AndroidManifest.xml
		INJECTED from src\main\AndroidManifest.xml
	android:versionName
		INJECTED from src\main\AndroidManifest.xml
		INJECTED from src\main\AndroidManifest.xml
	xmlns:android
		ADDED from src\main\AndroidManifest.xml:1:11-69
	android:versionCode
		INJECTED from src\main\AndroidManifest.xml
		INJECTED from src\main\AndroidManifest.xml
application
ADDED from src\main\AndroidManifest.xml:4:5-220:19
MERGED from [com.android.support:design:25.3.1] AndroidManifest.xml:29:5-20
MERGED from [com.android.support:transition:25.3.1] AndroidManifest.xml:26:5-20
MERGED from [com.android.support:cardview-v7:25.3.1] AndroidManifest.xml:26:5-20
MERGED from [com.google.android.gms:play-services-gcm:11.0.4] AndroidManifest.xml:23:5-19
MERGED from [com.google.android.gms:play-services-iid:11.0.4] AndroidManifest.xml:23:5-19
MERGED from [com.google.android.gms:play-services-base:11.0.4] AndroidManifest.xml:18:5-20:19
MERGED from [com.google.android.gms:play-services-tasks:11.0.4] AndroidManifest.xml:4:5-19
MERGED from [com.google.android.gms:play-services-basement:11.0.4] AndroidManifest.xml:19:5-21:19
MERGED from [com.github.castorflex.smoothprogressbar:library-circular:1.2.0] AndroidManifest.xml:12:5-20
MERGED from [me.srodrigo:androidhintspinner:1.0.0] AndroidManifest.xml:11:5-14:19
MERGED from [com.android.support:appcompat-v7:25.3.1] AndroidManifest.xml:29:5-20
MERGED from [com.android.support:support-v4:25.3.1] AndroidManifest.xml:29:5-20
MERGED from [com.android.support:support-fragment:25.3.1] AndroidManifest.xml:29:5-20
MERGED from [com.android.support:support-media-compat:25.3.1] AndroidManifest.xml:29:5-20
MERGED from [com.android.support:support-core-ui:25.3.1] AndroidManifest.xml:29:5-20
MERGED from [com.android.support:support-core-utils:25.3.1] AndroidManifest.xml:29:5-20
MERGED from [com.android.support:animated-vector-drawable:25.3.1] AndroidManifest.xml:26:5-20
MERGED from [com.android.support:support-vector-drawable:25.3.1] AndroidManifest.xml:26:5-20
MERGED from [com.android.support:support-compat:25.3.1] AndroidManifest.xml:29:5-20
	android:label
		ADDED from src\main\AndroidManifest.xml:8:9-41
	android:supportsRtl
		ADDED from src\main\AndroidManifest.xml:9:9-35
	android:allowBackup
		ADDED from src\main\AndroidManifest.xml:6:9-35
	android:icon
		ADDED from src\main\AndroidManifest.xml:7:9-43
	android:theme
		ADDED from src\main\AndroidManifest.xml:10:9-52
	android:name
		ADDED from src\main\AndroidManifest.xml:5:9-32
activity#allpointech.franchisee.intro.IntroActivity
ADDED from src\main\AndroidManifest.xml:12:9-23:20
	android:screenOrientation
		ADDED from src\main\AndroidManifest.xml:16:13-49
	android:label
		ADDED from src\main\AndroidManifest.xml:15:13-45
	android:windowSoftInputMode
		ADDED from src\main\AndroidManifest.xml:17:13-54
	android:configChanges
		ADDED from src\main\AndroidManifest.xml:14:13-63
	android:name
		ADDED from src\main\AndroidManifest.xml:13:13-48
intent-filter#android.intent.action.MAIN+android.intent.category.LAUNCHER
ADDED from src\main\AndroidManifest.xml:18:13-22:29
action#android.intent.action.MAIN
ADDED from src\main\AndroidManifest.xml:19:17-69
	android:name
		ADDED from src\main\AndroidManifest.xml:19:25-66
category#android.intent.category.LAUNCHER
ADDED from src\main\AndroidManifest.xml:21:17-77
	android:name
		ADDED from src\main\AndroidManifest.xml:21:27-74
activity#allpointech.franchisee.login.LoginActivity
ADDED from src\main\AndroidManifest.xml:25:9-30:57
	android:screenOrientation
		ADDED from src\main\AndroidManifest.xml:29:13-49
	android:label
		ADDED from src\main\AndroidManifest.xml:28:13-29
	android:windowSoftInputMode
		ADDED from src\main\AndroidManifest.xml:30:13-54
	android:configChanges
		ADDED from src\main\AndroidManifest.xml:27:13-63
	android:name
		ADDED from src\main\AndroidManifest.xml:26:13-48
activity#allpointech.franchisee.user.UserMainActivity
ADDED from src\main\AndroidManifest.xml:33:9-44:20
	android:screenOrientation
		ADDED from src\main\AndroidManifest.xml:37:13-49
	android:label
		ADDED from src\main\AndroidManifest.xml:36:13-29
	android:windowSoftInputMode
		ADDED from src\main\AndroidManifest.xml:38:13-64
	android:configChanges
		ADDED from src\main\AndroidManifest.xml:35:13-63
	android:name
		ADDED from src\main\AndroidManifest.xml:34:13-50
intent-filter#android.intent.category.DEFAULT+android.nfc.action.NDEF_DISCOVERED
ADDED from src\main\AndroidManifest.xml:39:13-43:29
action#android.nfc.action.NDEF_DISCOVERED
ADDED from src\main\AndroidManifest.xml:40:17-77
	android:name
		ADDED from src\main\AndroidManifest.xml:40:25-74
category#android.intent.category.DEFAULT
ADDED from src\main\AndroidManifest.xml:41:17-76
	android:name
		ADDED from src\main\AndroidManifest.xml:41:27-73
data
ADDED from src\main\AndroidManifest.xml:42:17-60
	android:mimeType
		ADDED from src\main\AndroidManifest.xml:42:23-57
activity#allpointech.franchisee.user.mypoint.Franchisee.CheckFranchiseeActivity
ADDED from src\main\AndroidManifest.xml:45:9-50:57
	android:screenOrientation
		ADDED from src\main\AndroidManifest.xml:49:13-49
	android:label
		ADDED from src\main\AndroidManifest.xml:48:13-29
	android:windowSoftInputMode
		ADDED from src\main\AndroidManifest.xml:50:13-54
	android:configChanges
		ADDED from src\main\AndroidManifest.xml:47:13-63
	android:name
		ADDED from src\main\AndroidManifest.xml:46:13-76
activity#allpointech.franchisee.user.mypoint.processPoint.InsertPointActivity
ADDED from src\main\AndroidManifest.xml:52:9-58:20
	android:screenOrientation
		ADDED from src\main\AndroidManifest.xml:56:13-49
	android:label
		ADDED from src\main\AndroidManifest.xml:55:13-29
	android:windowSoftInputMode
		ADDED from src\main\AndroidManifest.xml:57:13-54
	android:configChanges
		ADDED from src\main\AndroidManifest.xml:54:13-63
	android:name
		ADDED from src\main\AndroidManifest.xml:53:13-74
activity#allpointech.franchisee.user.mypoint.processPoint.CancelPointActivity
ADDED from src\main\AndroidManifest.xml:60:9-65:57
	android:screenOrientation
		ADDED from src\main\AndroidManifest.xml:64:13-49
	android:label
		ADDED from src\main\AndroidManifest.xml:63:13-29
	android:windowSoftInputMode
		ADDED from src\main\AndroidManifest.xml:65:13-54
	android:configChanges
		ADDED from src\main\AndroidManifest.xml:62:13-63
	android:name
		ADDED from src\main\AndroidManifest.xml:61:13-74
activity#allpointech.franchisee.user.setup.DeviceSetupResultActivity
ADDED from src\main\AndroidManifest.xml:67:9-72:57
	android:screenOrientation
		ADDED from src\main\AndroidManifest.xml:71:13-49
	android:label
		ADDED from src\main\AndroidManifest.xml:70:13-29
	android:windowSoftInputMode
		ADDED from src\main\AndroidManifest.xml:72:13-54
	android:configChanges
		ADDED from src\main\AndroidManifest.xml:69:13-63
	android:name
		ADDED from src\main\AndroidManifest.xml:68:13-65
activity#allpointech.franchisee.user.mypoint.CheckMyPointDetail.CheckMyPointDetailActivity
ADDED from src\main\AndroidManifest.xml:74:9-79:57
	android:screenOrientation
		ADDED from src\main\AndroidManifest.xml:78:13-49
	android:label
		ADDED from src\main\AndroidManifest.xml:77:13-29
	android:windowSoftInputMode
		ADDED from src\main\AndroidManifest.xml:79:13-54
	android:configChanges
		ADDED from src\main\AndroidManifest.xml:76:13-63
	android:name
		ADDED from src\main\AndroidManifest.xml:75:13-87
activity#allpointech.franchisee.login.ShowAgreeActivity
ADDED from src\main\AndroidManifest.xml:81:9-86:67
	android:screenOrientation
		ADDED from src\main\AndroidManifest.xml:85:13-49
	android:label
		ADDED from src\main\AndroidManifest.xml:84:13-29
	android:windowSoftInputMode
		ADDED from src\main\AndroidManifest.xml:86:13-64
	android:configChanges
		ADDED from src\main\AndroidManifest.xml:83:13-63
	android:name
		ADDED from src\main\AndroidManifest.xml:82:13-52
activity#allpointech.franchisee.user.info.UserInfoActivity
ADDED from src\main\AndroidManifest.xml:88:9-93:57
	android:screenOrientation
		ADDED from src\main\AndroidManifest.xml:92:13-49
	android:label
		ADDED from src\main\AndroidManifest.xml:91:13-29
	android:windowSoftInputMode
		ADDED from src\main\AndroidManifest.xml:93:13-54
	android:configChanges
		ADDED from src\main\AndroidManifest.xml:90:13-63
	android:name
		ADDED from src\main\AndroidManifest.xml:89:13-55
activity#allpointech.franchisee.user.notice.UserNoticeDetailActivity
ADDED from src\main\AndroidManifest.xml:94:9-99:70
	android:screenOrientation
		ADDED from src\main\AndroidManifest.xml:98:13-49
	android:label
		ADDED from src\main\AndroidManifest.xml:97:13-29
	android:windowSoftInputMode
		ADDED from src\main\AndroidManifest.xml:99:13-67
	android:configChanges
		ADDED from src\main\AndroidManifest.xml:96:13-63
	android:name
		ADDED from src\main\AndroidManifest.xml:95:13-65
activity#allpointech.franchisee.setting.SettingActivity
ADDED from src\main\AndroidManifest.xml:101:9-106:57
	android:screenOrientation
		ADDED from src\main\AndroidManifest.xml:105:13-49
	android:label
		ADDED from src\main\AndroidManifest.xml:104:13-29
	android:windowSoftInputMode
		ADDED from src\main\AndroidManifest.xml:106:13-54
	android:configChanges
		ADDED from src\main\AndroidManifest.xml:103:13-63
	android:name
		ADDED from src\main\AndroidManifest.xml:102:13-52
activity#allpointech.franchisee.franchisee.FranchiseeMainActivity
ADDED from src\main\AndroidManifest.xml:112:9-123:20
	android:screenOrientation
		ADDED from src\main\AndroidManifest.xml:116:13-49
	android:label
		ADDED from src\main\AndroidManifest.xml:115:13-29
	android:windowSoftInputMode
		ADDED from src\main\AndroidManifest.xml:117:13-64
	android:configChanges
		ADDED from src\main\AndroidManifest.xml:114:13-63
	android:name
		ADDED from src\main\AndroidManifest.xml:113:13-62
activity#allpointech.franchisee.franchisee.info.FranchiseeInfoActivity
ADDED from src\main\AndroidManifest.xml:125:9-130:57
	android:screenOrientation
		ADDED from src\main\AndroidManifest.xml:129:13-49
	android:label
		ADDED from src\main\AndroidManifest.xml:128:13-29
	android:windowSoftInputMode
		ADDED from src\main\AndroidManifest.xml:130:13-54
	android:configChanges
		ADDED from src\main\AndroidManifest.xml:127:13-63
	android:name
		ADDED from src\main\AndroidManifest.xml:126:13-67
activity#allpointech.franchisee.franchisee.info.FranchiseeInfo1Activity
ADDED from src\main\AndroidManifest.xml:132:9-137:57
	android:screenOrientation
		ADDED from src\main\AndroidManifest.xml:136:13-49
	android:label
		ADDED from src\main\AndroidManifest.xml:135:13-29
	android:windowSoftInputMode
		ADDED from src\main\AndroidManifest.xml:137:13-54
	android:configChanges
		ADDED from src\main\AndroidManifest.xml:134:13-63
	android:name
		ADDED from src\main\AndroidManifest.xml:133:13-68
activity#allpointech.franchisee.franchisee.setup.FranchiseeSetupActivity
ADDED from src\main\AndroidManifest.xml:139:9-144:57
	android:screenOrientation
		ADDED from src\main\AndroidManifest.xml:143:13-49
	android:label
		ADDED from src\main\AndroidManifest.xml:142:13-29
	android:windowSoftInputMode
		ADDED from src\main\AndroidManifest.xml:144:13-54
	android:configChanges
		ADDED from src\main\AndroidManifest.xml:141:13-63
	android:name
		ADDED from src\main\AndroidManifest.xml:140:13-69
activity#allpointech.franchisee.franchisee.info.FranchiseeInfo2Activity
ADDED from src\main\AndroidManifest.xml:146:9-151:57
	android:screenOrientation
		ADDED from src\main\AndroidManifest.xml:150:13-49
	android:label
		ADDED from src\main\AndroidManifest.xml:149:13-29
	android:windowSoftInputMode
		ADDED from src\main\AndroidManifest.xml:151:13-54
	android:configChanges
		ADDED from src\main\AndroidManifest.xml:148:13-63
	android:name
		ADDED from src\main\AndroidManifest.xml:147:13-68
activity#allpointech.franchisee.franchisee.info.FranchiseeInfo3Activity
ADDED from src\main\AndroidManifest.xml:153:9-158:57
	android:screenOrientation
		ADDED from src\main\AndroidManifest.xml:157:13-49
	android:label
		ADDED from src\main\AndroidManifest.xml:156:13-29
	android:windowSoftInputMode
		ADDED from src\main\AndroidManifest.xml:158:13-54
	android:configChanges
		ADDED from src\main\AndroidManifest.xml:155:13-63
	android:name
		ADDED from src\main\AndroidManifest.xml:154:13-68
activity#allpointech.franchisee.franchisee.users.FranchiseeUsersActivity
ADDED from src\main\AndroidManifest.xml:160:9-165:57
	android:screenOrientation
		ADDED from src\main\AndroidManifest.xml:164:13-49
	android:label
		ADDED from src\main\AndroidManifest.xml:163:13-29
	android:windowSoftInputMode
		ADDED from src\main\AndroidManifest.xml:165:13-54
	android:configChanges
		ADDED from src\main\AndroidManifest.xml:162:13-63
	android:name
		ADDED from src\main\AndroidManifest.xml:161:13-69
activity#allpointech.franchisee.franchisee.history.FranchiseeHistoryActivity
ADDED from src\main\AndroidManifest.xml:167:9-172:57
	android:screenOrientation
		ADDED from src\main\AndroidManifest.xml:171:13-49
	android:label
		ADDED from src\main\AndroidManifest.xml:170:13-29
	android:windowSoftInputMode
		ADDED from src\main\AndroidManifest.xml:172:13-54
	android:configChanges
		ADDED from src\main\AndroidManifest.xml:169:13-63
	android:name
		ADDED from src\main\AndroidManifest.xml:168:13-73
activity#allpointech.franchisee.franchisee.device.FranchiseeDeviceSetupActivity
ADDED from src\main\AndroidManifest.xml:174:9-179:57
	android:screenOrientation
		ADDED from src\main\AndroidManifest.xml:178:13-49
	android:label
		ADDED from src\main\AndroidManifest.xml:177:13-29
	android:windowSoftInputMode
		ADDED from src\main\AndroidManifest.xml:179:13-54
	android:configChanges
		ADDED from src\main\AndroidManifest.xml:176:13-63
	android:name
		ADDED from src\main\AndroidManifest.xml:175:13-76
activity#allpointech.franchisee.franchisee.device.FranchiseeFirmwareUpdateActivity
ADDED from src\main\AndroidManifest.xml:181:9-186:57
	android:screenOrientation
		ADDED from src\main\AndroidManifest.xml:185:13-49
	android:label
		ADDED from src\main\AndroidManifest.xml:184:13-29
	android:windowSoftInputMode
		ADDED from src\main\AndroidManifest.xml:186:13-54
	android:configChanges
		ADDED from src\main\AndroidManifest.xml:183:13-63
	android:name
		ADDED from src\main\AndroidManifest.xml:182:13-79
activity#allpointech.franchisee.utils.TNPermissionCheck
ADDED from src\main\AndroidManifest.xml:189:9-193:57
	android:screenOrientation
		ADDED from src\main\AndroidManifest.xml:192:13-49
	android:windowSoftInputMode
		ADDED from src\main\AndroidManifest.xml:193:13-54
	android:configChanges
		ADDED from src\main\AndroidManifest.xml:191:13-74
	android:name
		ADDED from src\main\AndroidManifest.xml:190:13-52
service#allpointech.franchisee.network.gcm.GcmIntentService
ADDED from src\main\AndroidManifest.xml:196:9-65
	android:name
		ADDED from src\main\AndroidManifest.xml:196:18-62
receiver#allpointech.franchisee.network.gcm.GcmBroadcastReceiver
ADDED from src\main\AndroidManifest.xml:198:9-206:20
	android:permission
		ADDED from src\main\AndroidManifest.xml:200:13-73
	android:name
		ADDED from src\main\AndroidManifest.xml:199:13-61
intent-filter#allpointech.touchall_franchisee+com.google.android.c2dm.intent.RECEIVE
ADDED from src\main\AndroidManifest.xml:201:13-205:29
action#com.google.android.c2dm.intent.RECEIVE
ADDED from src\main\AndroidManifest.xml:202:17-81
	android:name
		ADDED from src\main\AndroidManifest.xml:202:25-78
category#allpointech.touchall_franchisee
ADDED from src\main\AndroidManifest.xml:204:17-76
	android:name
		ADDED from src\main\AndroidManifest.xml:204:27-73
meta-data#com.google.android.gms.version
ADDED from src\main\AndroidManifest.xml:208:9-210:69
MERGED from [com.google.android.gms:play-services-basement:11.0.4] AndroidManifest.xml:20:9-121
	android:value
		ADDED from src\main\AndroidManifest.xml:210:13-66
	android:name
		ADDED from src\main\AndroidManifest.xml:209:13-58
uses-permission#android.permission.INTERNET
ADDED from src\main\AndroidManifest.xml:222:5-67
MERGED from [com.google.android.gms:play-services-gcm:11.0.4] AndroidManifest.xml:21:5-66
MERGED from [com.google.android.gms:play-services-iid:11.0.4] AndroidManifest.xml:21:5-66
	android:name
		ADDED from src\main\AndroidManifest.xml:222:22-64
uses-permission#android.permission.ACCESS_NETWORK_STATE
ADDED from src\main\AndroidManifest.xml:223:5-79
	android:name
		ADDED from src\main\AndroidManifest.xml:223:22-76
uses-permission#android.permission.READ_EXTERNAL_STORAGE
ADDED from src\main\AndroidManifest.xml:224:5-80
	android:name
		ADDED from src\main\AndroidManifest.xml:224:22-77
uses-permission#android.permission.WRITE_EXTERNAL_STORAGE
ADDED from src\main\AndroidManifest.xml:225:5-81
	android:name
		ADDED from src\main\AndroidManifest.xml:225:22-78
uses-permission#android.permission.WAKE_LOCK
ADDED from src\main\AndroidManifest.xml:226:5-68
	android:name
		ADDED from src\main\AndroidManifest.xml:226:22-65
uses-permission#android.permission.BLUETOOTH
ADDED from src\main\AndroidManifest.xml:227:5-68
	android:name
		ADDED from src\main\AndroidManifest.xml:227:22-65
uses-permission#android.permission.BLUETOOTH_ADMIN
ADDED from src\main\AndroidManifest.xml:228:5-74
	android:name
		ADDED from src\main\AndroidManifest.xml:228:22-71
uses-permission#android.permission.READ_PHONE_STATE
ADDED from src\main\AndroidManifest.xml:229:5-75
	android:name
		ADDED from src\main\AndroidManifest.xml:229:22-72
uses-feature#android.hardware.nfc
ADDED from src\main\AndroidManifest.xml:236:5-238:35
	android:required
		ADDED from src\main\AndroidManifest.xml:238:9-32
	android:name
		ADDED from src\main\AndroidManifest.xml:237:9-44
uses-permission#android.permission.NFC
ADDED from src\main\AndroidManifest.xml:239:5-62
	android:name
		ADDED from src\main\AndroidManifest.xml:239:22-59
uses-sdk
INJECTED from src\main\AndroidManifest.xml reason: use-sdk injection requested
MERGED from [com.android.support:design:25.3.1] AndroidManifest.xml:21:5-23:62
MERGED from [com.android.support:transition:25.3.1] AndroidManifest.xml:20:5-44
MERGED from [com.android.support:recyclerview-v7:25.3.1] AndroidManifest.xml:20:5-43
MERGED from [com.android.support:cardview-v7:25.3.1] AndroidManifest.xml:20:5-43
MERGED from [com.bartoszlipinski:recyclerviewheader2:2.0.1] AndroidManifest.xml:7:5-9:41
MERGED from [com.google.android.gms:play-services-gcm:11.0.4] AndroidManifest.xml:17:5-43
MERGED from [com.google.android.gms:play-services-iid:11.0.4] AndroidManifest.xml:17:5-43
MERGED from [com.google.android.gms:play-services-base:11.0.4] AndroidManifest.xml:17:5-43
MERGED from [com.google.android.gms:play-services-tasks:11.0.4] AndroidManifest.xml:3:5-43
MERGED from [com.google.android.gms:play-services-basement:11.0.4] AndroidManifest.xml:17:5-43
MERGED from [com.github.castorflex.smoothprogressbar:library-circular:1.2.0] AndroidManifest.xml:8:5-10:41
MERGED from [me.srodrigo:androidhintspinner:1.0.0] AndroidManifest.xml:7:5-9:41
MERGED from [com.android.support:appcompat-v7:25.3.1] AndroidManifest.xml:21:5-23:78
MERGED from [com.android.support:support-v4:25.3.1] AndroidManifest.xml:21:5-23:54
MERGED from [com.android.support:support-fragment:25.3.1] AndroidManifest.xml:21:5-23:60
MERGED from [com.android.support:support-media-compat:25.3.1] AndroidManifest.xml:21:5-23:63
MERGED from [com.android.support:support-core-ui:25.3.1] AndroidManifest.xml:21:5-23:58
MERGED from [com.android.support:support-core-utils:25.3.1] AndroidManifest.xml:21:5-23:61
MERGED from [com.android.support:animated-vector-drawable:25.3.1] AndroidManifest.xml:20:5-44
MERGED from [com.android.support:support-vector-drawable:25.3.1] AndroidManifest.xml:20:5-43
MERGED from [com.android.support:support-compat:25.3.1] AndroidManifest.xml:21:5-23:58
	tools:overrideLibrary
		ADDED from [com.android.support:design:25.3.1] AndroidManifest.xml:23:9-59
	android:targetSdkVersion
		INJECTED from src\main\AndroidManifest.xml
		INJECTED from src\main\AndroidManifest.xml
	android:minSdkVersion
		INJECTED from src\main\AndroidManifest.xml
		INJECTED from src\main\AndroidManifest.xml
meta-data#android.support.VERSION
ADDED from [com.android.support:design:25.3.1] AndroidManifest.xml:25:5-27:34
MERGED from [com.android.support:transition:25.3.1] AndroidManifest.xml:22:5-24:34
MERGED from [com.android.support:recyclerview-v7:25.3.1] AndroidManifest.xml:22:5-24:34
MERGED from [com.android.support:cardview-v7:25.3.1] AndroidManifest.xml:22:5-24:34
MERGED from [com.android.support:appcompat-v7:25.3.1] AndroidManifest.xml:25:5-27:34
MERGED from [com.android.support:support-v4:25.3.1] AndroidManifest.xml:25:5-27:34
MERGED from [com.android.support:support-fragment:25.3.1] AndroidManifest.xml:25:5-27:34
MERGED from [com.android.support:support-media-compat:25.3.1] AndroidManifest.xml:25:5-27:34
MERGED from [com.android.support:support-core-ui:25.3.1] AndroidManifest.xml:25:5-27:34
MERGED from [com.android.support:support-core-utils:25.3.1] AndroidManifest.xml:25:5-27:34
MERGED from [com.android.support:animated-vector-drawable:25.3.1] AndroidManifest.xml:22:5-24:34
MERGED from [com.android.support:support-vector-drawable:25.3.1] AndroidManifest.xml:22:5-24:34
MERGED from [com.android.support:support-compat:25.3.1] AndroidManifest.xml:25:5-27:34
	android:value
		ADDED from [com.android.support:design:25.3.1] AndroidManifest.xml:27:9-31
	android:name
		ADDED from [com.android.support:design:25.3.1] AndroidManifest.xml:26:9-47
uses-permission#com.google.android.c2dm.permission.RECEIVE
ADDED from [com.google.android.gms:play-services-gcm:11.0.4] AndroidManifest.xml:20:5-81
MERGED from [com.google.android.gms:play-services-iid:11.0.4] AndroidManifest.xml:20:5-81
	android:name
		ADDED from [com.google.android.gms:play-services-gcm:11.0.4] AndroidManifest.xml:20:22-79
activity#com.google.android.gms.common.api.GoogleApiActivity
ADDED from [com.google.android.gms:play-services-base:11.0.4] AndroidManifest.xml:19:9-172
	android:exported
		ADDED from [com.google.android.gms:play-services-base:11.0.4] AndroidManifest.xml:19:146-170
	android:theme
		ADDED from [com.google.android.gms:play-services-base:11.0.4] AndroidManifest.xml:19:86-145
	android:name
		ADDED from [com.google.android.gms:play-services-base:11.0.4] AndroidManifest.xml:19:19-85